<?xml version="1.0" encoding="UTF-8" ?>
<testsuites errors="0"
            failures="4"
            tests="4">

  <testsuite name="4-order"
    errors="0" failures="4" hostname="" id="" package="4-order" skipped="0"
    tests="4" time="28.72" timestamp="Sat, 27 Oct 2018 02:34:27 GMT">
  
    <testcase name="État du panier d&#39;achats" classname="4-order" time="21.51" assertions="2">

      <failure message="Le nombre de produits dans le panier doit être de &#39;1&#39;.">    at Object.État du panier d&#39;achats (C:\Users\horizon\Desktop\LOG4420\TP3\tests\e2e\4-order.js:89:19)
    at _combinedTickCallback (internal/process/next_tick.js:131:7)</failure>

    
    </testcase>
  
    <testcase name="Soumission d&#39;un formulaire invalide" classname="4-order" time="0.8910" assertions="2">

      <failure message="Le champ #first-name doit indiquer qu&#39;il est obligatoire.">    at C:\Users\horizon\Desktop\LOG4420\TP3\tests\e2e\4-order.js:100:21
    at Array.forEach (&lt;anonymous&gt;)
    at Object.Soumission d&#39;un formulaire invalide (C:\Users\horizon\Desktop\LOG4420\TP3\tests\e2e\4-order.js:99:12)</failure>

    
    </testcase>
  
    <testcase name="Remplissage du formulaire" classname="4-order" time="4.822" assertions="5">

    

    

    

      <failure message="Le champ #email doit indiquer une erreur pour la valeur &#39;antoine.beland@&#39;.">    at C:\Users\horizon\Desktop\LOG4420\TP3\tests\e2e\4-order.js:116:23
    at Array.forEach (&lt;anonymous&gt;)
    at C:\Users\horizon\Desktop\LOG4420\TP3\tests\e2e\4-order.js:106:21
    at Array.forEach (&lt;anonymous&gt;)
    at Object.Remplissage du formulaire (C:\Users\horizon\Desktop\LOG4420\TP3\tests\e2e\4-order.js:105:12)</failure>

    
    </testcase>
  
    <testcase name="Soumission d&#39;un formulaire valide" classname="4-order" time="1.504" assertions="1">  <failure message="La page de confirmation doit être affichée.">    at Object.Soumission d&#39;un formulaire valide (C:\Users\horizon\Desktop\LOG4420\TP3\tests\e2e\4-order.js:129:19)
    at _combinedTickCallback (internal/process/next_tick.js:131:7)</failure>

    
    </testcase>
  

  
    <system-err>
        Error while running [1 Products / Classement des produits]:

  AssertionError [ERR_ASSERTION]: Le prix pour le produit #7 doit être &#39;2299,99$&#39;.
    at Object.&lt;anonymous&gt; (C:\Users\horizon\Desktop\LOG4420\TP3\tests\e2e\1-products.js:54:11)
    at HttpRequest.&lt;anonymous&gt; (C:\Users\horizon\Desktop\LOG4420\TP3\node_modules\nightwatch\lib\index.js:366:18)
    at emitTwo (events.js:126:13)
    at HttpRequest.emit (events.js:214:7)
    at HttpRequest.&lt;anonymous&gt; (C:\Users\horizon\Desktop\LOG4420\TP3\node_modules\nightwatch\lib\index.js:382:15)
    at emitThree (events.js:136:13)
    at HttpRequest.emit (events.js:217:7)
    at IncomingMessage.&lt;anonymous&gt; (C:\Users\horizon\Desktop\LOG4420\TP3\node_modules\nightwatch\lib\http\request.js:170:16)
    at emitNone (events.js:111:20)
    at IncomingMessage.emit (events.js:208:7)
ERROR: Unable to locate element: &#34;#product-desc&#34; using: css selector
    at F.command (C:\Users\horizon\Desktop\LOG4420\TP3\node_modules\nightwatch\lib\api\assertions\containsText.js:46:21)
    at F.module.exports.BaseAssertion._scheduleAssertion (C:\Users\horizon\Desktop\LOG4420\TP3\node_modules\nightwatch\lib\core\assertion.js:87:17)
    at F.module.exports.BaseAssertion._executeCommand (C:\Users\horizon\Desktop\LOG4420\TP3\node_modules\nightwatch\lib\core\assertion.js:82:17)
    at AssertionInstance.commandFn [as _commandFn] (C:\Users\horizon\Desktop\LOG4420\TP3\node_modules\nightwatch\lib\core\assertion.js:180:21)
    at AsyncTree.runCommand (C:\Users\horizon\Desktop\LOG4420\TP3\node_modules\nightwatch\lib\core\queue.js:154:30)
    at AsyncTree.runChildNode (C:\Users\horizon\Desktop\LOG4420\TP3\node_modules\nightwatch\lib\core\queue.js:114:8)
    at AsyncTree.walkDown (C:\Users\horizon\Desktop\LOG4420\TP3\node_modules\nightwatch\lib\core\queue.js:80:10)
    at AsyncTree.walkUp (C:\Users\horizon\Desktop\LOG4420\TP3\node_modules\nightwatch\lib\core\queue.js:97:8)
    at AsyncTree.walkDown (C:\Users\horizon\Desktop\LOG4420\TP3\node_modules\nightwatch\lib\core\queue.js:90:12)
    at AsyncTree.walkUp (C:\Users\horizon\Desktop\LOG4420\TP3\node_modules\nightwatch\lib\core\queue.js:97:8)
ERROR: Unable to locate element: &#34;#dialog&#34; using: css selector
    at F.command (C:\Users\horizon\Desktop\LOG4420\TP3\node_modules\nightwatch\lib\api\assertions\hidden.js:42:21)
    at F.module.exports.BaseAssertion._scheduleAssertion (C:\Users\horizon\Desktop\LOG4420\TP3\node_modules\nightwatch\lib\core\assertion.js:87:17)
    at F.module.exports.BaseAssertion._executeCommand (C:\Users\horizon\Desktop\LOG4420\TP3\node_modules\nightwatch\lib\core\assertion.js:82:17)
    at AssertionInstance.commandFn [as _commandFn] (C:\Users\horizon\Desktop\LOG4420\TP3\node_modules\nightwatch\lib\core\assertion.js:180:21)
    at AsyncTree.runCommand (C:\Users\horizon\Desktop\LOG4420\TP3\node_modules\nightwatch\lib\core\queue.js:154:30)
    at AsyncTree.runChildNode (C:\Users\horizon\Desktop\LOG4420\TP3\node_modules\nightwatch\lib\core\queue.js:114:8)
    at AsyncTree.walkDown (C:\Users\horizon\Desktop\LOG4420\TP3\node_modules\nightwatch\lib\core\queue.js:80:10)
    at AsyncTree.walkUp (C:\Users\horizon\Desktop\LOG4420\TP3\node_modules\nightwatch\lib\core\queue.js:97:8)
    at AsyncTree.walkDown (C:\Users\horizon\Desktop\LOG4420\TP3\node_modules\nightwatch\lib\core\queue.js:90:12)
    at AsyncTree.walkUp (C:\Users\horizon\Desktop\LOG4420\TP3\node_modules\nightwatch\lib\core\queue.js:97:8)
ERROR: Unable to locate element: &#34;.remove-item-button&#34; using: css selector
    at pressRemoveItemButton (C:\Users\horizon\Desktop\LOG4420\TP3\tests\e2e\3-shopping-cart.js:175:21)
    at Object.Suppression d&#39;un item dans le panier (C:\Users\horizon\Desktop\LOG4420\TP3\tests\e2e\3-shopping-cart.js:180:5)
    at Module.call (C:\Users\horizon\Desktop\LOG4420\TP3\node_modules\nightwatch\lib\runner\module.js:62:34)
    at C:\Users\horizon\Desktop\LOG4420\TP3\node_modules\nightwatch\lib\runner\testcase.js:70:29
    at _fulfilled (C:\Users\horizon\Desktop\LOG4420\TP3\node_modules\q\q.js:834:54)
    at self.promiseDispatch.done (C:\Users\horizon\Desktop\LOG4420\TP3\node_modules\q\q.js:863:30)
    at Promise.promise.promiseDispatch (C:\Users\horizon\Desktop\LOG4420\TP3\node_modules\q\q.js:796:13)
    at C:\Users\horizon\Desktop\LOG4420\TP3\node_modules\q\q.js:556:49
    at runSingle (C:\Users\horizon\Desktop\LOG4420\TP3\node_modules\q\q.js:137:13)
    at flush (C:\Users\horizon\Desktop\LOG4420\TP3\node_modules\q\q.js:125:13)
ERROR: Unable to locate element: &#34;.add-quantity-button&#34; using: css selector
    at Object.Augmentation de la quantite associee a un item dans le panier (C:\Users\horizon\Desktop\LOG4420\TP3\tests\e2e\3-shopping-cart.js:200:12)
    at Module.call (C:\Users\horizon\Desktop\LOG4420\TP3\node_modules\nightwatch\lib\runner\module.js:62:34)
    at C:\Users\horizon\Desktop\LOG4420\TP3\node_modules\nightwatch\lib\runner\testcase.js:70:29
    at _fulfilled (C:\Users\horizon\Desktop\LOG4420\TP3\node_modules\q\q.js:834:54)
    at self.promiseDispatch.done (C:\Users\horizon\Desktop\LOG4420\TP3\node_modules\q\q.js:863:30)
    at Promise.promise.promiseDispatch (C:\Users\horizon\Desktop\LOG4420\TP3\node_modules\q\q.js:796:13)
    at C:\Users\horizon\Desktop\LOG4420\TP3\node_modules\q\q.js:556:49
    at runSingle (C:\Users\horizon\Desktop\LOG4420\TP3\node_modules\q\q.js:137:13)
    at flush (C:\Users\horizon\Desktop\LOG4420\TP3\node_modules\q\q.js:125:13)
    at _combinedTickCallback (internal/process/next_tick.js:131:7)
ERROR: Unable to locate element: &#34;.remove-quantity-button&#34; using: css selector
    at Object.Diminution de la quantite associee a un item dans le panier (C:\Users\horizon\Desktop\LOG4420\TP3\tests\e2e\3-shopping-cart.js:209:12)
    at Module.call (C:\Users\horizon\Desktop\LOG4420\TP3\node_modules\nightwatch\lib\runner\module.js:62:34)
    at C:\Users\horizon\Desktop\LOG4420\TP3\node_modules\nightwatch\lib\runner\testcase.js:70:29
    at _fulfilled (C:\Users\horizon\Desktop\LOG4420\TP3\node_modules\q\q.js:834:54)
    at self.promiseDispatch.done (C:\Users\horizon\Desktop\LOG4420\TP3\node_modules\q\q.js:863:30)
    at Promise.promise.promiseDispatch (C:\Users\horizon\Desktop\LOG4420\TP3\node_modules\q\q.js:796:13)
    at C:\Users\horizon\Desktop\LOG4420\TP3\node_modules\q\q.js:556:49
    at runSingle (C:\Users\horizon\Desktop\LOG4420\TP3\node_modules\q\q.js:137:13)
    at flush (C:\Users\horizon\Desktop\LOG4420\TP3\node_modules\q\q.js:125:13)
    at _combinedTickCallback (internal/process/next_tick.js:131:7)
ERROR: Unable to locate element: &#34;#remove-all-items-button&#34; using: css selector
    at pressRemoveAllItemsButton (C:\Users\horizon\Desktop\LOG4420\TP3\tests\e2e\3-shopping-cart.js:219:21)
    at Object.Suppression de tous les produits dans le panier (C:\Users\horizon\Desktop\LOG4420\TP3\tests\e2e\3-shopping-cart.js:224:5)
    at Module.call (C:\Users\horizon\Desktop\LOG4420\TP3\node_modules\nightwatch\lib\runner\module.js:62:34)
    at C:\Users\horizon\Desktop\LOG4420\TP3\node_modules\nightwatch\lib\runner\testcase.js:70:29
    at _fulfilled (C:\Users\horizon\Desktop\LOG4420\TP3\node_modules\q\q.js:834:54)
    at self.promiseDispatch.done (C:\Users\horizon\Desktop\LOG4420\TP3\node_modules\q\q.js:863:30)
    at Promise.promise.promiseDispatch (C:\Users\horizon\Desktop\LOG4420\TP3\node_modules\q\q.js:796:13)
    at C:\Users\horizon\Desktop\LOG4420\TP3\node_modules\q\q.js:556:49
    at runSingle (C:\Users\horizon\Desktop\LOG4420\TP3\node_modules\q\q.js:137:13)
    at flush (C:\Users\horizon\Desktop\LOG4420\TP3\node_modules\q\q.js:125:13)
    </system-err>
  

  
  </testsuite>
</testsuites>
